app/build/outputs/logs/manifest-merger-debug-report.txt
-- Merging decision tree log ---
manifest
ADDED from src\main\AndroidManifest.xml:2:1-197:12
INJECTED from src\main\AndroidManifest.xml:2:1-197:12
INJECTED from src\main\AndroidManifest.xml:2:1-197:12
INJECTED from src\main\AndroidManifest.xml:2:1-197:12
INJECTED from src\main\AndroidManifest.xml:2:1-197:12
INJECTED from src\main\AndroidManifest.xml:2:1-197:12
INJECTED from src\main\AndroidManifest.xml:2:1-197:12
	package
		ADDED from src\main\AndroidManifest.xml:3:5-36
		INJECTED from src\main\AndroidManifest.xml
		INJECTED from src\main\AndroidManifest.xml
	android:screenOrientation
		ADDED from src\main\AndroidManifest.xml:6:3-39
	android:versionName
		ADDED from src\main\AndroidManifest.xml:5:5-30
		INJECTED from src\main\AndroidManifest.xml
		INJECTED from src\main\AndroidManifest.xml
	xmlns:android
		ADDED from src\main\AndroidManifest.xml:2:11-69
	android:versionCode
		ADDED from src\main\AndroidManifest.xml:4:5-28
		INJECTED from src\main\AndroidManifest.xml
		INJECTED from src\main\AndroidManifest.xml
uses-sdk
ADDED from src\main\AndroidManifest.xml:8:5-10:41
INJECTED from src\main\AndroidManifest.xml:8:5-10:41
INJECTED from src\main\AndroidManifest.xml:8:5-10:41
INJECTED from src\main\AndroidManifest.xml:8:5-10:41
INJECTED from src\main\AndroidManifest.xml:8:5-10:41
	android:targetSdkVersion
		ADDED from src\main\AndroidManifest.xml:10:9-38
		INJECTED from src\main\AndroidManifest.xml
		INJECTED from src\main\AndroidManifest.xml
	android:minSdkVersion
		ADDED from src\main\AndroidManifest.xml:9:9-34
		INJECTED from src\main\AndroidManifest.xml
		INJECTED from src\main\AndroidManifest.xml
uses-permission#android.permission.INTERNET
ADDED from src\main\AndroidManifest.xml:11:5-66
	android:name
		ADDED from src\main\AndroidManifest.xml:11:22-64
application
ADDED from src\main\AndroidManifest.xml:13:5-195:19
	android:screenOrientation
		ADDED from src\main\AndroidManifest.xml:18:6-42
	android:label
		ADDED from src\main\AndroidManifest.xml:16:9-41
	android:icon
		ADDED from src\main\AndroidManifest.xml:15:9-45
	android:allowBackup
		ADDED from src\main\AndroidManifest.xml:14:9-35
	android:theme
		ADDED from src\main\AndroidManifest.xml:17:9-40
activity#com.example.myproject.MainActivity
ADDED from src\main\AndroidManifest.xml:19:9-27:20
	android:screenOrientation
		ADDED from src\main\AndroidManifest.xml:21:46-82
	android:label
		ADDED from src\main\AndroidManifest.xml:21:13-45
	android:name
		ADDED from src\main\AndroidManifest.xml:20:13-62
intent-filter#action:name:android.intent.action.MAIN+category:name:android.intent.category.LAUNCHER
ADDED from src\main\AndroidManifest.xml:22:13-26:29
action#android.intent.action.MAIN
ADDED from src\main\AndroidManifest.xml:23:17-69
	android:name
		ADDED from src\main\AndroidManifest.xml:23:25-66
category#android.intent.category.LAUNCHER
ADDED from src\main\AndroidManifest.xml:25:17-77
	android:name
		ADDED from src\main\AndroidManifest.xml:25:27-74
activity#com.example.myproject.Second
ADDED from src\main\AndroidManifest.xml:28:9-36:20
	android:screenOrientation
		ADDED from src\main\AndroidManifest.xml:30:45-81
	android:label
		ADDED from src\main\AndroidManifest.xml:30:13-44
	android:name
		ADDED from src\main\AndroidManifest.xml:29:13-56
intent-filter#action:name:android.intent.action.MAIN+category:name:android.intent.category.DEFAULT
ADDED from src\main\AndroidManifest.xml:31:13-35:29
category#android.intent.category.DEFAULT
ADDED from src\main\AndroidManifest.xml:34:17-76
	android:name
		ADDED from src\main\AndroidManifest.xml:34:27-73
activity#com.example.myproject.MyProfile
ADDED from src\main\AndroidManifest.xml:37:9-45:20
	android:screenOrientation
		ADDED from src\main\AndroidManifest.xml:39:46-82
	android:label
		ADDED from src\main\AndroidManifest.xml:39:13-45
	android:name
		ADDED from src\main\AndroidManifest.xml:38:13-59
activity#com.example.myproject.Atencdance
ADDED from src\main\AndroidManifest.xml:46:9-54:20
	android:screenOrientation
		ADDED from src\main\AndroidManifest.xml:48:43-79
	android:label
		ADDED from src\main\AndroidManifest.xml:48:13-42
	android:name
		ADDED from src\main\AndroidManifest.xml:47:13-60
activity#com.example.myproject.Marks
ADDED from src\main\AndroidManifest.xml:55:9-63:20
	android:screenOrientation
		ADDED from src\main\AndroidManifest.xml:57:47-83
	android:label
		ADDED from src\main\AndroidManifest.xml:57:13-46
	android:name
		ADDED from src\main\AndroidManifest.xml:56:13-55
activity#com.example.myproject.Login
ADDED from src\main\AndroidManifest.xml:64:9-72:20
	android:screenOrientation
		ADDED from src\main\AndroidManifest.xml:66:43-79
	android:label
		ADDED from src\main\AndroidManifest.xml:66:13-42
	android:name
		ADDED from src\main\AndroidManifest.xml:65:13-55
activity#com.example.myproject.Cse
ADDED from src\main\AndroidManifest.xml:73:9-81:20
	android:screenOrientation
		ADDED from src\main\AndroidManifest.xml:75:46-82
	android:label
		ADDED from src\main\AndroidManifest.xml:75:13-45
	android:name
		ADDED from src\main\AndroidManifest.xml:74:13-53
activity#com.example.myproject.Ece
ADDED from src\main\AndroidManifest.xml:82:9-90:20
	android:screenOrientation
		ADDED from src\main\AndroidManifest.xml:84:46-82
	android:label
		ADDED from src\main\AndroidManifest.xml:84:13-45
	android:name
		ADDED from src\main\AndroidManifest.xml:83:13-53
activity#com.example.myproject.Eee
ADDED from src\main\AndroidManifest.xml:91:9-99:20
	android:screenOrientation
		ADDED from src\main\AndroidManifest.xml:93:46-82
	android:label
		ADDED from src\main\AndroidManifest.xml:93:13-45
	android:name
		ADDED from src\main\AndroidManifest.xml:92:13-53
activity#com.example.myproject.Civil
ADDED from src\main\AndroidManifest.xml:100:9-108:20
	android:screenOrientation
		ADDED from src\main\AndroidManifest.xml:102:46-82
	android:label
		ADDED from src\main\AndroidManifest.xml:102:13-45
	android:name
		ADDED from src\main\AndroidManifest.xml:101:13-55
activity#com.example.myproject.Mech
ADDED from src\main\AndroidManifest.xml:109:9-117:20
	android:screenOrientation
		ADDED from src\main\AndroidManifest.xml:111:46-82
	android:label
		ADDED from src\main\AndroidManifest.xml:111:13-45
	android:name
		ADDED from src\main\AndroidManifest.xml:110:13-54
activity#com.example.myproject.Mba
ADDED from src\main\AndroidManifest.xml:118:9-126:20
	android:screenOrientation
		ADDED from src\main\AndroidManifest.xml:120:46-82
	android:label
		ADDED from src\main\AndroidManifest.xml:120:13-45
	android:name
		ADDED from src\main\AndroidManifest.xml:119:13-53
activity#com.example.myproject.Notification
ADDED from src\main\AndroidManifest.xml:127:9-135:20
	android:screenOrientation
		ADDED from src\main\AndroidManifest.xml:129:46-82
	android:label
		ADDED from src\main\AndroidManifest.xml:129:13-45
	android:name
		ADDED from src\main\AndroidManifest.xml:128:13-62
activity#com.example.myproject.Library
ADDED from src\main\AndroidManifest.xml:137:9-145:20
	android:screenOrientation
		ADDED from src\main\AndroidManifest.xml:139:46-82
	android:label
		ADDED from src\main\AndroidManifest.xml:139:13-45
	android:name
		ADDED from src\main\AndroidManifest.xml:138:13-57
activity#com.example.myproject.Chpwd
ADDED from src\main\AndroidManifest.xml:146:9-154:20
	android:screenOrientation
		ADDED from src\main\AndroidManifest.xml:148:43-79
	android:label
		ADDED from src\main\AndroidManifest.xml:148:13-42
	android:name
		ADDED from src\main\AndroidManifest.xml:147:13-55
activity#com.example.myproject.Secgrid
ADDED from src\main\AndroidManifest.xml:155:10-163:20
	android:screenOrientation
		ADDED from src\main\AndroidManifest.xml:157:45-81
	android:label
		ADDED from src\main\AndroidManifest.xml:157:13-44
	android:name
		ADDED from src\main\AndroidManifest.xml:156:13-57
activity#com.example.myproject.Aflog
ADDED from src\main\AndroidManifest.xml:164:9-172:20
	android:screenOrientation
		ADDED from src\main\AndroidManifest.xml:166:46-82
	android:label
		ADDED from src\main\AndroidManifest.xml:166:13-45
	android:name
		ADDED from src\main\AndroidManifest.xml:165:13-55
activity#com.example.myproject.IEmarks
ADDED from src\main\AndroidManifest.xml:173:9-181:20
	android:screenOrientation
		ADDED from src\main\AndroidManifest.xml:175:43-79
	android:label
		ADDED from src\main\AndroidManifest.xml:175:13-42
	android:name
		ADDED from src\main\AndroidManifest.xml:174:13-57
activity#com.example.myproject.Intmarks
ADDED from src\main\AndroidManifest.xml:183:9-191:20
	android:screenOrientation
		ADDED from src\main\AndroidManifest.xml:185:46-82
	android:label
		ADDED from src\main\AndroidManifest.xml:185:13-45
	android:name
		ADDED from src\main\AndroidManifest.xml:184:13-58